<?xml version="1.0" encoding="UTF-8"?>
<testng-results ignored="0" total="2" passed="2" failed="0" skipped="0">
  <reporter-output>
  </reporter-output>
  <suite started-at="2022-11-13T17:05:59 IST" name="Suite" finished-at="2022-11-13T17:06:17 IST" duration-ms="18012">
    <groups>
    </groups>
    <test started-at="2022-11-13T17:05:59 IST" name="Test" finished-at="2022-11-13T17:06:17 IST" duration-ms="18012">
      <class name="TestCases.VerifySignup">
        <test-method is-config="true" signature="LaunchURL()[pri:0, instance:TestCases.VerifySignup@123ef382]" started-at="2022-11-13T17:05:59 IST" name="LaunchURL" finished-at="2022-11-13T17:06:02 IST" duration-ms="3630" status="PASS">
          <reporter-output>
          </reporter-output>
        </test-method> <!-- LaunchURL -->
        <test-method signature="signup()[pri:0, instance:TestCases.VerifySignup@123ef382]" started-at="2022-11-13T17:06:02 IST" name="signup" finished-at="2022-11-13T17:06:13 IST" duration-ms="10635" status="PASS">
          <reporter-output>
          </reporter-output>
        </test-method> <!-- signup -->
      </class> <!-- TestCases.VerifySignup -->
      <class name="TestCases.VerifyLogin">
        <test-method is-config="true" signature="LaunchURL()[pri:0, instance:TestCases.VerifyLogin@52bf72b5]" started-at="2022-11-13T17:06:13 IST" name="LaunchURL" finished-at="2022-11-13T17:06:16 IST" duration-ms="2934" status="PASS">
          <reporter-output>
          </reporter-output>
        </test-method> <!-- LaunchURL -->
        <test-method signature="login()[pri:0, instance:TestCases.VerifyLogin@52bf72b5]" started-at="2022-11-13T17:06:16 IST" name="login" finished-at="2022-11-13T17:06:17 IST" duration-ms="773" status="PASS">
          <reporter-output>
          </reporter-output>
        </test-method> <!-- login -->
      </class> <!-- TestCases.VerifyLogin -->
    </test> <!-- Test -->
  </suite> <!-- Suite -->
</testng-results>
